<?xml version="1.0" encoding="UTF-8"?>
<!-- Generated by org.testng.reporters.JUnitXMLReporter -->
<testsuite ignored="0" hostname="LAPTOP-JND42R7F" failures="1" tests="3" name="Test" time="17.926" errors="0" timestamp="2024-11-13T18:13:41 IST">
  <testcase classname="TestClasspackage.Listner_Test" name="test1" time="8.922"/>
  <testcase classname="TestClasspackage.Listner_Test" name="testSkipped" time="0.007">
    <skipped/>
  </testcase> <!-- testSkipped -->
  <testcase classname="TestClasspackage.Listner_Test" name="testfail" time="0.004">
    <failure type="java.lang.AssertionError" message="expected [true] but found [false]">
      <![CDATA[java.lang.AssertionError: expected [true] but found [false]
at TestClasspackage.Listner_Test.testfail(Listner_Test.java:34)
at java.base/java.util.ArrayList.forEach(ArrayList.java:1597)
... Removed 29 stack frames]]>
    </failure>
  </testcase> <!-- testfail -->
</testsuite> <!-- Test -->
