<?xml version="1.0" encoding="UTF-8"?>
<testng-results ignored="0" total="2" passed="2" failed="0" skipped="0">
  <reporter-output>
  </reporter-output>
  <suite started-at="2025-03-27T17:57:06 IST" name="Default suite" finished-at="2025-03-27T17:57:33 IST" duration-ms="27402">
    <groups>
    </groups>
    <test started-at="2025-03-27T17:57:06 IST" name="Default test" finished-at="2025-03-27T17:57:33 IST" duration-ms="27402">
      <class name="TestClasspackage.TC_Hrmlogin">
        <test-method is-config="true" signature="setup()[pri:0, instance:TestClasspackage.TC_Hrmlogin@15043a2f]" started-at="2025-03-27T17:57:06 IST" name="setup" finished-at="2025-03-27T17:57:16 IST" duration-ms="10264" status="PASS">
          <reporter-output>
          </reporter-output>
        </test-method> <!-- setup -->
        <test-method signature="VerifyUI()[pri:0, instance:TestClasspackage.TC_Hrmlogin@15043a2f]" started-at="2025-03-27T17:57:16 IST" name="VerifyUI" finished-at="2025-03-27T17:57:19 IST" duration-ms="2592" status="PASS">
          <reporter-output>
          </reporter-output>
        </test-method> <!-- VerifyUI -->
        <test-method is-config="true" signature="tearDown()[pri:0, instance:TestClasspackage.TC_Hrmlogin@15043a2f]" started-at="2025-03-27T17:57:19 IST" name="tearDown" finished-at="2025-03-27T17:57:20 IST" duration-ms="1961" status="PASS">
          <reporter-output>
          </reporter-output>
        </test-method> <!-- tearDown -->
        <test-method is-config="true" signature="setup()[pri:0, instance:TestClasspackage.TC_Hrmlogin@15043a2f]" started-at="2025-03-27T17:57:21 IST" name="setup" finished-at="2025-03-27T17:57:28 IST" duration-ms="7802" status="PASS">
          <reporter-output>
          </reporter-output>
        </test-method> <!-- setup -->
        <test-method signature="Homepage()[pri:2, instance:TestClasspackage.TC_Hrmlogin@15043a2f]" started-at="2025-03-27T17:57:28 IST" name="Homepage" finished-at="2025-03-27T17:57:31 IST" duration-ms="3150" status="PASS">
          <reporter-output>
          </reporter-output>
        </test-method> <!-- Homepage -->
        <test-method is-config="true" signature="tearDown()[pri:0, instance:TestClasspackage.TC_Hrmlogin@15043a2f]" started-at="2025-03-27T17:57:31 IST" name="tearDown" finished-at="2025-03-27T17:57:33 IST" duration-ms="1533" status="PASS">
          <reporter-output>
          </reporter-output>
        </test-method> <!-- tearDown -->
      </class> <!-- TestClasspackage.TC_Hrmlogin -->
    </test> <!-- Default test -->
  </suite> <!-- Default suite -->
</testng-results>
